{"C:\\Users\\pilep\\Documents\\Ynov\\ScoreBoard_PB\\src\\core\\domain\\Field.ts": {"path":"C:\\Users\\pilep\\Documents\\Ynov\\ScoreBoard_PB\\src\\core\\domain\\Field.ts","statementMap":{"0":{"start":{"line":23,"column":8},"end":{"line":25,"column":9}},"1":{"start":{"line":24,"column":12},"end":{"line":24,"column":58}},"2":{"start":{"line":26,"column":8},"end":{"line":28,"column":9}},"3":{"start":{"line":27,"column":12},"end":{"line":27,"column":57}},"4":{"start":{"line":29,"column":8},"end":{"line":31,"column":9}},"5":{"start":{"line":30,"column":12},"end":{"line":30,"column":57}},"6":{"start":{"line":32,"column":8},"end":{"line":34,"column":9}},"7":{"start":{"line":33,"column":12},"end":{"line":33,"column":67}},"8":{"start":{"line":35,"column":8},"end":{"line":37,"column":9}},"9":{"start":{"line":36,"column":12},"end":{"line":36,"column":56}},"10":{"start":{"line":38,"column":8},"end":{"line":40,"column":9}},"11":{"start":{"line":39,"column":12},"end":{"line":39,"column":59}},"12":{"start":{"line":42,"column":8},"end":{"line":42,"column":64}},"13":{"start":{"line":55,"column":8},"end":{"line":57,"column":9}},"14":{"start":{"line":56,"column":12},"end":{"line":56,"column":56}},"15":{"start":{"line":58,"column":8},"end":{"line":60,"column":9}},"16":{"start":{"line":59,"column":12},"end":{"line":59,"column":61}},"17":{"start":{"line":61,"column":8},"end":{"line":63,"column":9}},"18":{"start":{"line":62,"column":12},"end":{"line":62,"column":58}},"19":{"start":{"line":65,"column":8},"end":{"line":65,"column":59}},"20":{"start":{"line":69,"column":8},"end":{"line":69,"column":93}},"21":{"start":{"line":73,"column":32},"end":{"line":73,"column":79}},"22":{"start":{"line":73,"column":60},"end":{"line":73,"column":78}},"23":{"start":{"line":74,"column":8},"end":{"line":74,"column":81}},"24":{"start":{"line":78,"column":32},"end":{"line":80,"column":9}},"25":{"start":{"line":79,"column":12},"end":{"line":79,"column":59}},"26":{"start":{"line":81,"column":8},"end":{"line":81,"column":81}}},"fnMap":{"0":{"name":"(anonymous_0)","decl":{"start":{"line":8,"column":4},"end":{"line":8,"column":5}},"loc":{"start":{"line":14,"column":6},"end":{"line":14,"column":9}},"line":14},"1":{"name":"(anonymous_1)","decl":{"start":{"line":16,"column":4},"end":{"line":16,"column":5}},"loc":{"start":{"line":22,"column":15},"end":{"line":43,"column":5}},"line":22},"2":{"name":"(anonymous_2)","decl":{"start":{"line":47,"column":4},"end":{"line":47,"column":5}},"loc":{"start":{"line":52,"column":6},"end":{"line":52,"column":9}},"line":52},"3":{"name":"(anonymous_3)","decl":{"start":{"line":54,"column":4},"end":{"line":54,"column":5}},"loc":{"start":{"line":54,"column":100},"end":{"line":66,"column":5}},"line":54},"4":{"name":"(anonymous_4)","decl":{"start":{"line":68,"column":4},"end":{"line":68,"column":5}},"loc":{"start":{"line":68,"column":40},"end":{"line":70,"column":5}},"line":68},"5":{"name":"(anonymous_5)","decl":{"start":{"line":72,"column":4},"end":{"line":72,"column":5}},"loc":{"start":{"line":72,"column":47},"end":{"line":75,"column":5}},"line":72},"6":{"name":"(anonymous_6)","decl":{"start":{"line":73,"column":53},"end":{"line":73,"column":54}},"loc":{"start":{"line":73,"column":60},"end":{"line":73,"column":78}},"line":73},"7":{"name":"(anonymous_7)","decl":{"start":{"line":77,"column":4},"end":{"line":77,"column":5}},"loc":{"start":{"line":77,"column":50},"end":{"line":82,"column":5}},"line":77},"8":{"name":"(anonymous_8)","decl":{"start":{"line":78,"column":50},"end":{"line":78,"column":51}},"loc":{"start":{"line":79,"column":12},"end":{"line":79,"column":59}},"line":79}},"branchMap":{"0":{"loc":{"start":{"line":23,"column":8},"end":{"line":25,"column":9}},"type":"if","locations":[{"start":{"line":23,"column":8},"end":{"line":25,"column":9}},{"start":{},"end":{}}],"line":23},"1":{"loc":{"start":{"line":23,"column":12},"end":{"line":23,"column":35}},"type":"binary-expr","locations":[{"start":{"line":23,"column":12},"end":{"line":23,"column":15}},{"start":{"line":23,"column":19},"end":{"line":23,"column":35}}],"line":23},"2":{"loc":{"start":{"line":26,"column":8},"end":{"line":28,"column":9}},"type":"if","locations":[{"start":{"line":26,"column":8},"end":{"line":28,"column":9}},{"start":{},"end":{}}],"line":26},"3":{"loc":{"start":{"line":26,"column":12},"end":{"line":26,"column":41}},"type":"binary-expr","locations":[{"start":{"line":26,"column":12},"end":{"line":26,"column":18}},{"start":{"line":26,"column":22},"end":{"line":26,"column":41}}],"line":26},"4":{"loc":{"start":{"line":29,"column":8},"end":{"line":31,"column":9}},"type":"if","locations":[{"start":{"line":29,"column":8},"end":{"line":31,"column":9}},{"start":{},"end":{}}],"line":29},"5":{"loc":{"start":{"line":29,"column":12},"end":{"line":29,"column":41}},"type":"binary-expr","locations":[{"start":{"line":29,"column":12},"end":{"line":29,"column":18}},{"start":{"line":29,"column":22},"end":{"line":29,"column":41}}],"line":29},"6":{"loc":{"start":{"line":32,"column":8},"end":{"line":34,"column":9}},"type":"if","locations":[{"start":{"line":32,"column":8},"end":{"line":34,"column":9}},{"start":{},"end":{}}],"line":32},"7":{"loc":{"start":{"line":35,"column":8},"end":{"line":37,"column":9}},"type":"if","locations":[{"start":{"line":35,"column":8},"end":{"line":37,"column":9}},{"start":{},"end":{}}],"line":35},"8":{"loc":{"start":{"line":38,"column":8},"end":{"line":40,"column":9}},"type":"if","locations":[{"start":{"line":38,"column":8},"end":{"line":40,"column":9}},{"start":{},"end":{}}],"line":38},"9":{"loc":{"start":{"line":38,"column":12},"end":{"line":38,"column":51}},"type":"binary-expr","locations":[{"start":{"line":38,"column":12},"end":{"line":38,"column":23}},{"start":{"line":38,"column":27},"end":{"line":38,"column":51}}],"line":38},"10":{"loc":{"start":{"line":54,"column":67},"end":{"line":54,"column":91}},"type":"default-arg","locations":[{"start":{"line":54,"column":89},"end":{"line":54,"column":91}}],"line":54},"11":{"loc":{"start":{"line":55,"column":8},"end":{"line":57,"column":9}},"type":"if","locations":[{"start":{"line":55,"column":8},"end":{"line":57,"column":9}},{"start":{},"end":{}}],"line":55},"12":{"loc":{"start":{"line":55,"column":12},"end":{"line":55,"column":35}},"type":"binary-expr","locations":[{"start":{"line":55,"column":12},"end":{"line":55,"column":15}},{"start":{"line":55,"column":19},"end":{"line":55,"column":35}}],"line":55},"13":{"loc":{"start":{"line":58,"column":8},"end":{"line":60,"column":9}},"type":"if","locations":[{"start":{"line":58,"column":8},"end":{"line":60,"column":9}},{"start":{},"end":{}}],"line":58},"14":{"loc":{"start":{"line":58,"column":12},"end":{"line":58,"column":55}},"type":"binary-expr","locations":[{"start":{"line":58,"column":12},"end":{"line":58,"column":25}},{"start":{"line":58,"column":29},"end":{"line":58,"column":55}}],"line":58},"15":{"loc":{"start":{"line":61,"column":8},"end":{"line":63,"column":9}},"type":"if","locations":[{"start":{"line":61,"column":8},"end":{"line":63,"column":9}},{"start":{},"end":{}}],"line":61},"16":{"loc":{"start":{"line":61,"column":12},"end":{"line":61,"column":39}},"type":"binary-expr","locations":[{"start":{"line":61,"column":12},"end":{"line":61,"column":17}},{"start":{"line":61,"column":21},"end":{"line":61,"column":39}}],"line":61},"17":{"loc":{"start":{"line":79,"column":12},"end":{"line":79,"column":59}},"type":"cond-expr","locations":[{"start":{"line":79,"column":41},"end":{"line":79,"column":55}},{"start":{"line":79,"column":58},"end":{"line":79,"column":59}}],"line":79}},"s":{"0":47,"1":1,"2":46,"3":1,"4":45,"5":1,"6":44,"7":1,"8":43,"9":1,"10":42,"11":1,"12":41,"13":11,"14":1,"15":10,"16":0,"17":10,"18":1,"19":9,"20":2,"21":2,"22":3,"23":2,"24":0,"25":0,"26":0},"f":{"0":41,"1":47,"2":13,"3":11,"4":2,"5":2,"6":3,"7":0,"8":0},"b":{"0":[1,46],"1":[47,46],"2":[1,45],"3":[46,45],"4":[1,44],"5":[45,44],"6":[1,43],"7":[1,42],"8":[1,41],"9":[42,41],"10":[5],"11":[1,10],"12":[11,10],"13":[0,10],"14":[10,10],"15":[1,9],"16":[10,9],"17":[0,0]},"_coverageSchema":"1a1c01bbd47fc00a2c39e90264f33305004495a9","hash":"6416073db9d5059c4dcbff954b5a721417b684de"}
,"C:\\Users\\pilep\\Documents\\Ynov\\ScoreBoard_PB\\src\\core\\domain\\Game.ts": {"path":"C:\\Users\\pilep\\Documents\\Ynov\\ScoreBoard_PB\\src\\core\\domain\\Game.ts","statementMap":{"0":{"start":{"line":12,"column":4},"end":{"line":14,"column":5}},"1":{"start":{"line":13,"column":6},"end":{"line":13,"column":50}},"2":{"start":{"line":18,"column":4},"end":{"line":18,"column":59}},"3":{"start":{"line":22,"column":4},"end":{"line":22,"column":59}},"4":{"start":{"line":26,"column":4},"end":{"line":26,"column":47}},"5":{"start":{"line":30,"column":4},"end":{"line":30,"column":64}},"6":{"start":{"line":40,"column":4},"end":{"line":42,"column":5}},"7":{"start":{"line":41,"column":6},"end":{"line":41,"column":59}},"8":{"start":{"line":46,"column":25},"end":{"line":46,"column":63}},"9":{"start":{"line":47,"column":4},"end":{"line":47,"column":65}},"10":{"start":{"line":51,"column":4},"end":{"line":53,"column":5}},"11":{"start":{"line":52,"column":6},"end":{"line":52,"column":60}},"12":{"start":{"line":54,"column":29},"end":{"line":54,"column":93}},"13":{"start":{"line":55,"column":4},"end":{"line":55,"column":56}},"14":{"start":{"line":59,"column":4},"end":{"line":61,"column":5}},"15":{"start":{"line":60,"column":6},"end":{"line":60,"column":49}},"16":{"start":{"line":62,"column":4},"end":{"line":65,"column":5}},"17":{"start":{"line":63,"column":30},"end":{"line":63,"column":57}},"18":{"start":{"line":64,"column":6},"end":{"line":64,"column":69}},"19":{"start":{"line":66,"column":4},"end":{"line":66,"column":56}},"20":{"start":{"line":70,"column":4},"end":{"line":70,"column":36}},"21":{"start":{"line":96,"column":4},"end":{"line":98,"column":5}},"22":{"start":{"line":97,"column":6},"end":{"line":97,"column":49}},"23":{"start":{"line":100,"column":25},"end":{"line":100,"column":40}},"24":{"start":{"line":101,"column":25},"end":{"line":101,"column":70}},"25":{"start":{"line":103,"column":4},"end":{"line":116,"column":6}},"26":{"start":{"line":120,"column":4},"end":{"line":133,"column":6}},"27":{"start":{"line":137,"column":4},"end":{"line":139,"column":5}},"28":{"start":{"line":138,"column":6},"end":{"line":138,"column":123}},"29":{"start":{"line":141,"column":4},"end":{"line":154,"column":6}},"30":{"start":{"line":158,"column":4},"end":{"line":160,"column":5}},"31":{"start":{"line":159,"column":6},"end":{"line":159,"column":112}},"32":{"start":{"line":162,"column":28},"end":{"line":162,"column":103}},"33":{"start":{"line":164,"column":33},"end":{"line":164,"column":63}},"34":{"start":{"line":166,"column":4},"end":{"line":179,"column":6}},"35":{"start":{"line":183,"column":4},"end":{"line":185,"column":5}},"36":{"start":{"line":184,"column":6},"end":{"line":184,"column":109}},"37":{"start":{"line":187,"column":4},"end":{"line":200,"column":6}},"38":{"start":{"line":204,"column":4},"end":{"line":206,"column":5}},"39":{"start":{"line":205,"column":6},"end":{"line":205,"column":71}},"40":{"start":{"line":208,"column":4},"end":{"line":210,"column":5}},"41":{"start":{"line":209,"column":6},"end":{"line":209,"column":71}},"42":{"start":{"line":212,"column":26},"end":{"line":214,"column":19}},"43":{"start":{"line":216,"column":4},"end":{"line":229,"column":6}},"44":{"start":{"line":233,"column":4},"end":{"line":246,"column":6}},"45":{"start":{"line":252,"column":26},"end":{"line":252,"column":112}},"46":{"start":{"line":254,"column":4},"end":{"line":267,"column":6}},"47":{"start":{"line":274,"column":27},"end":{"line":278,"column":28}},"48":{"start":{"line":280,"column":4},"end":{"line":293,"column":6}},"49":{"start":{"line":297,"column":4},"end":{"line":301,"column":5}},"50":{"start":{"line":298,"column":6},"end":{"line":300,"column":7}},"51":{"start":{"line":299,"column":8},"end":{"line":299,"column":100}},"52":{"start":{"line":303,"column":4},"end":{"line":316,"column":6}},"53":{"start":{"line":320,"column":4},"end":{"line":333,"column":6}},"54":{"start":{"line":337,"column":4},"end":{"line":341,"column":5}},"55":{"start":{"line":338,"column":6},"end":{"line":340,"column":7}},"56":{"start":{"line":339,"column":8},"end":{"line":339,"column":100}},"57":{"start":{"line":343,"column":4},"end":{"line":356,"column":6}}},"fnMap":{"0":{"name":"(anonymous_0)","decl":{"start":{"line":8,"column":2},"end":{"line":8,"column":3}},"loc":{"start":{"line":11,"column":4},"end":{"line":15,"column":3}},"line":11},"1":{"name":"(anonymous_1)","decl":{"start":{"line":17,"column":2},"end":{"line":17,"column":3}},"loc":{"start":{"line":17,"column":26},"end":{"line":19,"column":3}},"line":17},"2":{"name":"(anonymous_2)","decl":{"start":{"line":21,"column":2},"end":{"line":21,"column":3}},"loc":{"start":{"line":21,"column":26},"end":{"line":23,"column":3}},"line":21},"3":{"name":"(anonymous_3)","decl":{"start":{"line":25,"column":2},"end":{"line":25,"column":3}},"loc":{"start":{"line":25,"column":20},"end":{"line":27,"column":3}},"line":25},"4":{"name":"(anonymous_4)","decl":{"start":{"line":29,"column":2},"end":{"line":29,"column":3}},"loc":{"start":{"line":29,"column":42},"end":{"line":31,"column":3}},"line":29},"5":{"name":"(anonymous_5)","decl":{"start":{"line":35,"column":2},"end":{"line":35,"column":3}},"loc":{"start":{"line":39,"column":4},"end":{"line":43,"column":3}},"line":39},"6":{"name":"(anonymous_6)","decl":{"start":{"line":45,"column":2},"end":{"line":45,"column":3}},"loc":{"start":{"line":45,"column":21},"end":{"line":48,"column":3}},"line":45},"7":{"name":"(anonymous_7)","decl":{"start":{"line":50,"column":2},"end":{"line":50,"column":3}},"loc":{"start":{"line":50,"column":20},"end":{"line":56,"column":3}},"line":50},"8":{"name":"(anonymous_8)","decl":{"start":{"line":58,"column":2},"end":{"line":58,"column":3}},"loc":{"start":{"line":58,"column":41},"end":{"line":67,"column":3}},"line":58},"9":{"name":"(anonymous_9)","decl":{"start":{"line":69,"column":2},"end":{"line":69,"column":3}},"loc":{"start":{"line":69,"column":23},"end":{"line":71,"column":3}},"line":69},"10":{"name":"(anonymous_10)","decl":{"start":{"line":75,"column":2},"end":{"line":75,"column":3}},"loc":{"start":{"line":88,"column":4},"end":{"line":88,"column":7}},"line":88},"11":{"name":"(anonymous_11)","decl":{"start":{"line":90,"column":2},"end":{"line":90,"column":3}},"loc":{"start":{"line":95,"column":10},"end":{"line":117,"column":3}},"line":95},"12":{"name":"(anonymous_12)","decl":{"start":{"line":119,"column":2},"end":{"line":119,"column":3}},"loc":{"start":{"line":119,"column":20},"end":{"line":134,"column":3}},"line":119},"13":{"name":"(anonymous_13)","decl":{"start":{"line":136,"column":2},"end":{"line":136,"column":3}},"loc":{"start":{"line":136,"column":16},"end":{"line":155,"column":3}},"line":136},"14":{"name":"(anonymous_14)","decl":{"start":{"line":157,"column":2},"end":{"line":157,"column":3}},"loc":{"start":{"line":157,"column":24},"end":{"line":180,"column":3}},"line":157},"15":{"name":"(anonymous_15)","decl":{"start":{"line":182,"column":2},"end":{"line":182,"column":3}},"loc":{"start":{"line":182,"column":19},"end":{"line":201,"column":3}},"line":182},"16":{"name":"(anonymous_16)","decl":{"start":{"line":203,"column":2},"end":{"line":203,"column":3}},"loc":{"start":{"line":203,"column":17},"end":{"line":230,"column":3}},"line":203},"17":{"name":"(anonymous_17)","decl":{"start":{"line":232,"column":2},"end":{"line":232,"column":3}},"loc":{"start":{"line":232,"column":17},"end":{"line":247,"column":3}},"line":232},"18":{"name":"(anonymous_18)","decl":{"start":{"line":249,"column":2},"end":{"line":249,"column":3}},"loc":{"start":{"line":249,"column":21},"end":{"line":268,"column":3}},"line":249},"19":{"name":"(anonymous_19)","decl":{"start":{"line":270,"column":2},"end":{"line":270,"column":3}},"loc":{"start":{"line":270,"column":19},"end":{"line":294,"column":3}},"line":270},"20":{"name":"(anonymous_20)","decl":{"start":{"line":296,"column":2},"end":{"line":296,"column":3}},"loc":{"start":{"line":296,"column":37},"end":{"line":317,"column":3}},"line":296},"21":{"name":"(anonymous_21)","decl":{"start":{"line":319,"column":2},"end":{"line":319,"column":3}},"loc":{"start":{"line":319,"column":36},"end":{"line":334,"column":3}},"line":319},"22":{"name":"(anonymous_22)","decl":{"start":{"line":336,"column":2},"end":{"line":336,"column":3}},"loc":{"start":{"line":336,"column":41},"end":{"line":357,"column":3}},"line":336}},"branchMap":{"0":{"loc":{"start":{"line":9,"column":20},"end":{"line":9,"column":42}},"type":"default-arg","locations":[{"start":{"line":9,"column":41},"end":{"line":9,"column":42}}],"line":9},"1":{"loc":{"start":{"line":10,"column":20},"end":{"line":10,"column":42}},"type":"default-arg","locations":[{"start":{"line":10,"column":41},"end":{"line":10,"column":42}}],"line":10},"2":{"loc":{"start":{"line":12,"column":4},"end":{"line":14,"column":5}},"type":"if","locations":[{"start":{"line":12,"column":4},"end":{"line":14,"column":5}},{"start":{},"end":{}}],"line":12},"3":{"loc":{"start":{"line":12,"column":8},"end":{"line":12,"column":40}},"type":"binary-expr","locations":[{"start":{"line":12,"column":8},"end":{"line":12,"column":22}},{"start":{"line":12,"column":26},"end":{"line":12,"column":40}}],"line":12},"4":{"loc":{"start":{"line":30,"column":11},"end":{"line":30,"column":63}},"type":"binary-expr","locations":[{"start":{"line":30,"column":11},"end":{"line":30,"column":35}},{"start":{"line":30,"column":39},"end":{"line":30,"column":63}}],"line":30},"5":{"loc":{"start":{"line":37,"column":20},"end":{"line":37,"column":46}},"type":"default-arg","locations":[{"start":{"line":37,"column":41},"end":{"line":37,"column":46}}],"line":37},"6":{"loc":{"start":{"line":38,"column":20},"end":{"line":38,"column":54}},"type":"default-arg","locations":[{"start":{"line":38,"column":50},"end":{"line":38,"column":54}}],"line":38},"7":{"loc":{"start":{"line":40,"column":4},"end":{"line":42,"column":5}},"type":"if","locations":[{"start":{"line":40,"column":4},"end":{"line":42,"column":5}},{"start":{},"end":{}}],"line":40},"8":{"loc":{"start":{"line":51,"column":4},"end":{"line":53,"column":5}},"type":"if","locations":[{"start":{"line":51,"column":4},"end":{"line":53,"column":5}},{"start":{},"end":{}}],"line":51},"9":{"loc":{"start":{"line":51,"column":8},"end":{"line":51,"column":45}},"type":"binary-expr","locations":[{"start":{"line":51,"column":8},"end":{"line":51,"column":23}},{"start":{"line":51,"column":27},"end":{"line":51,"column":45}}],"line":51},"10":{"loc":{"start":{"line":59,"column":4},"end":{"line":61,"column":5}},"type":"if","locations":[{"start":{"line":59,"column":4},"end":{"line":61,"column":5}},{"start":{},"end":{}}],"line":59},"11":{"loc":{"start":{"line":62,"column":4},"end":{"line":65,"column":5}},"type":"if","locations":[{"start":{"line":62,"column":4},"end":{"line":65,"column":5}},{"start":{},"end":{}}],"line":62},"12":{"loc":{"start":{"line":83,"column":20},"end":{"line":83,"column":44}},"type":"default-arg","locations":[{"start":{"line":83,"column":43},"end":{"line":83,"column":44}}],"line":83},"13":{"loc":{"start":{"line":84,"column":20},"end":{"line":84,"column":45}},"type":"default-arg","locations":[{"start":{"line":84,"column":44},"end":{"line":84,"column":45}}],"line":84},"14":{"loc":{"start":{"line":85,"column":20},"end":{"line":85,"column":68}},"type":"default-arg","locations":[{"start":{"line":85,"column":46},"end":{"line":85,"column":68}}],"line":85},"15":{"loc":{"start":{"line":86,"column":20},"end":{"line":86,"column":52}},"type":"default-arg","locations":[{"start":{"line":86,"column":47},"end":{"line":86,"column":52}}],"line":86},"16":{"loc":{"start":{"line":87,"column":20},"end":{"line":87,"column":46}},"type":"default-arg","locations":[{"start":{"line":87,"column":45},"end":{"line":87,"column":46}}],"line":87},"17":{"loc":{"start":{"line":96,"column":4},"end":{"line":98,"column":5}},"type":"if","locations":[{"start":{"line":96,"column":4},"end":{"line":98,"column":5}},{"start":{},"end":{}}],"line":96},"18":{"loc":{"start":{"line":96,"column":8},"end":{"line":96,"column":31}},"type":"binary-expr","locations":[{"start":{"line":96,"column":8},"end":{"line":96,"column":11}},{"start":{"line":96,"column":15},"end":{"line":96,"column":31}}],"line":96},"19":{"loc":{"start":{"line":137,"column":4},"end":{"line":139,"column":5}},"type":"if","locations":[{"start":{"line":137,"column":4},"end":{"line":139,"column":5}},{"start":{},"end":{}}],"line":137},"20":{"loc":{"start":{"line":137,"column":8},"end":{"line":137,"column":125}},"type":"binary-expr","locations":[{"start":{"line":137,"column":8},"end":{"line":137,"column":46}},{"start":{"line":137,"column":50},"end":{"line":137,"column":82}},{"start":{"line":137,"column":86},"end":{"line":137,"column":125}}],"line":137},"21":{"loc":{"start":{"line":158,"column":4},"end":{"line":160,"column":5}},"type":"if","locations":[{"start":{"line":158,"column":4},"end":{"line":160,"column":5}},{"start":{},"end":{}}],"line":158},"22":{"loc":{"start":{"line":158,"column":8},"end":{"line":158,"column":124}},"type":"binary-expr","locations":[{"start":{"line":158,"column":8},"end":{"line":158,"column":42}},{"start":{"line":158,"column":46},"end":{"line":158,"column":85}},{"start":{"line":158,"column":89},"end":{"line":158,"column":124}}],"line":158},"23":{"loc":{"start":{"line":162,"column":28},"end":{"line":162,"column":103}},"type":"cond-expr","locations":[{"start":{"line":162,"column":62},"end":{"line":162,"column":97}},{"start":{"line":162,"column":100},"end":{"line":162,"column":103}}],"line":162},"24":{"loc":{"start":{"line":183,"column":4},"end":{"line":185,"column":5}},"type":"if","locations":[{"start":{"line":183,"column":4},"end":{"line":185,"column":5}},{"start":{},"end":{}}],"line":183},"25":{"loc":{"start":{"line":183,"column":8},"end":{"line":183,"column":81}},"type":"binary-expr","locations":[{"start":{"line":183,"column":8},"end":{"line":183,"column":42}},{"start":{"line":183,"column":46},"end":{"line":183,"column":81}}],"line":183},"26":{"loc":{"start":{"line":204,"column":4},"end":{"line":206,"column":5}},"type":"if","locations":[{"start":{"line":204,"column":4},"end":{"line":206,"column":5}},{"start":{},"end":{}}],"line":204},"27":{"loc":{"start":{"line":208,"column":4},"end":{"line":210,"column":5}},"type":"if","locations":[{"start":{"line":208,"column":4},"end":{"line":210,"column":5}},{"start":{},"end":{}}],"line":208},"28":{"loc":{"start":{"line":212,"column":26},"end":{"line":214,"column":19}},"type":"cond-expr","locations":[{"start":{"line":213,"column":9},"end":{"line":213,"column":96}},{"start":{"line":214,"column":8},"end":{"line":214,"column":19}}],"line":212},"29":{"loc":{"start":{"line":213,"column":9},"end":{"line":213,"column":96}},"type":"cond-expr","locations":[{"start":{"line":213,"column":56},"end":{"line":213,"column":75}},{"start":{"line":213,"column":78},"end":{"line":213,"column":96}}],"line":213},"30":{"loc":{"start":{"line":252,"column":26},"end":{"line":252,"column":112}},"type":"cond-expr","locations":[{"start":{"line":252,"column":67},"end":{"line":252,"column":89}},{"start":{"line":252,"column":92},"end":{"line":252,"column":112}}],"line":252},"31":{"loc":{"start":{"line":274,"column":27},"end":{"line":278,"column":28}},"type":"cond-expr","locations":[{"start":{"line":275,"column":8},"end":{"line":275,"column":30}},{"start":{"line":276,"column":8},"end":{"line":278,"column":28}}],"line":274},"32":{"loc":{"start":{"line":276,"column":8},"end":{"line":278,"column":28}},"type":"cond-expr","locations":[{"start":{"line":277,"column":10},"end":{"line":277,"column":29}},{"start":{"line":278,"column":10},"end":{"line":278,"column":28}}],"line":276},"33":{"loc":{"start":{"line":297,"column":4},"end":{"line":301,"column":5}},"type":"if","locations":[{"start":{"line":297,"column":4},"end":{"line":301,"column":5}},{"start":{},"end":{}}],"line":297},"34":{"loc":{"start":{"line":297,"column":8},"end":{"line":297,"column":81}},"type":"binary-expr","locations":[{"start":{"line":297,"column":8},"end":{"line":297,"column":42}},{"start":{"line":297,"column":46},"end":{"line":297,"column":81}}],"line":297},"35":{"loc":{"start":{"line":298,"column":6},"end":{"line":300,"column":7}},"type":"if","locations":[{"start":{"line":298,"column":6},"end":{"line":300,"column":7}},{"start":{},"end":{}}],"line":298},"36":{"loc":{"start":{"line":298,"column":10},"end":{"line":298,"column":74}},"type":"binary-expr","locations":[{"start":{"line":298,"column":10},"end":{"line":298,"column":34}},{"start":{"line":298,"column":38},"end":{"line":298,"column":74}}],"line":298},"37":{"loc":{"start":{"line":337,"column":4},"end":{"line":341,"column":5}},"type":"if","locations":[{"start":{"line":337,"column":4},"end":{"line":341,"column":5}},{"start":{},"end":{}}],"line":337},"38":{"loc":{"start":{"line":337,"column":8},"end":{"line":337,"column":81}},"type":"binary-expr","locations":[{"start":{"line":337,"column":8},"end":{"line":337,"column":42}},{"start":{"line":337,"column":46},"end":{"line":337,"column":81}}],"line":337},"39":{"loc":{"start":{"line":338,"column":6},"end":{"line":340,"column":7}},"type":"if","locations":[{"start":{"line":338,"column":6},"end":{"line":340,"column":7}},{"start":{},"end":{}}],"line":338},"40":{"loc":{"start":{"line":338,"column":10},"end":{"line":338,"column":74}},"type":"binary-expr","locations":[{"start":{"line":338,"column":10},"end":{"line":338,"column":34}},{"start":{"line":338,"column":38},"end":{"line":338,"column":74}}],"line":338}},"s":{"0":50,"1":2,"2":3,"3":1,"4":2,"5":2,"6":93,"7":1,"8":27,"9":27,"10":17,"11":5,"12":12,"13":12,"14":1,"15":0,"16":1,"17":0,"18":0,"19":1,"20":2,"21":36,"22":1,"23":35,"24":35,"25":35,"26":2,"27":24,"28":1,"29":23,"30":3,"31":0,"32":3,"33":3,"34":3,"35":13,"36":1,"37":12,"38":5,"39":1,"40":4,"41":1,"42":3,"43":3,"44":4,"45":3,"46":3,"47":1,"48":1,"49":2,"50":1,"51":1,"52":1,"53":2,"54":3,"55":2,"56":1,"57":2},"f":{"0":50,"1":3,"2":1,"3":2,"4":2,"5":93,"6":27,"7":17,"8":1,"9":2,"10":91,"11":36,"12":2,"13":24,"14":3,"15":13,"16":5,"17":4,"18":3,"19":1,"20":2,"21":2,"22":3},"b":{"0":[0],"1":[0],"2":[2,48],"3":[50,49],"4":[2,1],"5":[38],"6":[48],"7":[1,92],"8":[5,12],"9":[17,13],"10":[0,1],"11":[0,1],"12":[0],"13":[0],"14":[0],"15":[0],"16":[0],"17":[1,35],"18":[36,35],"19":[1,23],"20":[24,1,1],"21":[0,3],"22":[3,0,0],"23":[3,0],"24":[1,12],"25":[13,1],"26":[1,4],"27":[1,3],"28":[0,3],"29":[0,0],"30":[0,3],"31":[0,1],"32":[0,1],"33":[1,1],"34":[2,1],"35":[1,0],"36":[1,1],"37":[2,1],"38":[3,1],"39":[1,1],"40":[2,1]},"_coverageSchema":"1a1c01bbd47fc00a2c39e90264f33305004495a9","hash":"6b0d9d181a992bb6d26d4c180ffe41efe7574055"}
,"C:\\Users\\pilep\\Documents\\Ynov\\ScoreBoard_PB\\src\\core\\domain\\GameMode.ts": {"path":"C:\\Users\\pilep\\Documents\\Ynov\\ScoreBoard_PB\\src\\core\\domain\\GameMode.ts","statementMap":{"0":{"start":{"line":5,"column":4},"end":{"line":5,"column":73}},"1":{"start":{"line":5,"column":21},"end":{"line":5,"column":73}},"2":{"start":{"line":11,"column":4},"end":{"line":11,"column":74}},"3":{"start":{"line":11,"column":21},"end":{"line":11,"column":74}},"4":{"start":{"line":17,"column":4},"end":{"line":17,"column":75}},"5":{"start":{"line":17,"column":19},"end":{"line":17,"column":75}},"6":{"start":{"line":23,"column":4},"end":{"line":23,"column":77}},"7":{"start":{"line":23,"column":21},"end":{"line":23,"column":77}},"8":{"start":{"line":45,"column":4},"end":{"line":47,"column":5}},"9":{"start":{"line":46,"column":6},"end":{"line":46,"column":53}},"10":{"start":{"line":48,"column":4},"end":{"line":50,"column":5}},"11":{"start":{"line":49,"column":6},"end":{"line":49,"column":55}},"12":{"start":{"line":52,"column":4},"end":{"line":59,"column":6}}},"fnMap":{"0":{"name":"(anonymous_0)","decl":{"start":{"line":4,"column":2},"end":{"line":4,"column":3}},"loc":{"start":{"line":4,"column":47},"end":{"line":6,"column":3}},"line":4},"1":{"name":"(anonymous_1)","decl":{"start":{"line":10,"column":2},"end":{"line":10,"column":3}},"loc":{"start":{"line":10,"column":47},"end":{"line":12,"column":3}},"line":10},"2":{"name":"(anonymous_2)","decl":{"start":{"line":16,"column":2},"end":{"line":16,"column":3}},"loc":{"start":{"line":16,"column":45},"end":{"line":18,"column":3}},"line":16},"3":{"name":"(anonymous_3)","decl":{"start":{"line":22,"column":2},"end":{"line":22,"column":3}},"loc":{"start":{"line":22,"column":47},"end":{"line":24,"column":3}},"line":22},"4":{"name":"(anonymous_4)","decl":{"start":{"line":28,"column":2},"end":{"line":28,"column":3}},"loc":{"start":{"line":35,"column":4},"end":{"line":35,"column":7}},"line":35},"5":{"name":"(anonymous_5)","decl":{"start":{"line":37,"column":2},"end":{"line":37,"column":3}},"loc":{"start":{"line":44,"column":14},"end":{"line":60,"column":3}},"line":44}},"branchMap":{"0":{"loc":{"start":{"line":5,"column":4},"end":{"line":5,"column":73}},"type":"if","locations":[{"start":{"line":5,"column":4},"end":{"line":5,"column":73}},{"start":{},"end":{}}],"line":5},"1":{"loc":{"start":{"line":11,"column":4},"end":{"line":11,"column":74}},"type":"if","locations":[{"start":{"line":11,"column":4},"end":{"line":11,"column":74}},{"start":{},"end":{}}],"line":11},"2":{"loc":{"start":{"line":17,"column":4},"end":{"line":17,"column":75}},"type":"if","locations":[{"start":{"line":17,"column":4},"end":{"line":17,"column":75}},{"start":{},"end":{}}],"line":17},"3":{"loc":{"start":{"line":23,"column":4},"end":{"line":23,"column":77}},"type":"if","locations":[{"start":{"line":23,"column":4},"end":{"line":23,"column":77}},{"start":{},"end":{}}],"line":23},"4":{"loc":{"start":{"line":45,"column":4},"end":{"line":47,"column":5}},"type":"if","locations":[{"start":{"line":45,"column":4},"end":{"line":47,"column":5}},{"start":{},"end":{}}],"line":45},"5":{"loc":{"start":{"line":45,"column":8},"end":{"line":45,"column":31}},"type":"binary-expr","locations":[{"start":{"line":45,"column":8},"end":{"line":45,"column":11}},{"start":{"line":45,"column":15},"end":{"line":45,"column":31}}],"line":45},"6":{"loc":{"start":{"line":48,"column":4},"end":{"line":50,"column":5}},"type":"if","locations":[{"start":{"line":48,"column":4},"end":{"line":50,"column":5}},{"start":{},"end":{}}],"line":48},"7":{"loc":{"start":{"line":48,"column":8},"end":{"line":48,"column":35}},"type":"binary-expr","locations":[{"start":{"line":48,"column":8},"end":{"line":48,"column":13}},{"start":{"line":48,"column":17},"end":{"line":48,"column":35}}],"line":48}},"s":{"0":42,"1":1,"2":42,"3":1,"4":42,"5":1,"6":5,"7":1,"8":40,"9":1,"10":39,"11":1,"12":38},"f":{"0":42,"1":42,"2":42,"3":5,"4":38,"5":40},"b":{"0":[1,41],"1":[1,41],"2":[1,41],"3":[1,4],"4":[1,39],"5":[40,39],"6":[1,38],"7":[39,38]},"_coverageSchema":"1a1c01bbd47fc00a2c39e90264f33305004495a9","hash":"2fa121acd2a951ed18e90b273c0f6fa89927d956"}
,"C:\\Users\\pilep\\Documents\\Ynov\\ScoreBoard_PB\\src\\core\\domain\\GameStatus.ts": {"path":"C:\\Users\\pilep\\Documents\\Ynov\\ScoreBoard_PB\\src\\core\\domain\\GameStatus.ts","statementMap":{},"fnMap":{},"branchMap":{},"s":{},"f":{},"b":{},"_coverageSchema":"1a1c01bbd47fc00a2c39e90264f33305004495a9","hash":"3b99f9a09b244eca26def8a715480ce63277879f"}
,"C:\\Users\\pilep\\Documents\\Ynov\\ScoreBoard_PB\\src\\core\\domain\\Team.ts": {"path":"C:\\Users\\pilep\\Documents\\Ynov\\ScoreBoard_PB\\src\\core\\domain\\Team.ts","statementMap":{"0":{"start":{"line":11,"column":4},"end":{"line":13,"column":5}},"1":{"start":{"line":12,"column":6},"end":{"line":12,"column":49}},"2":{"start":{"line":14,"column":4},"end":{"line":16,"column":5}},"3":{"start":{"line":15,"column":6},"end":{"line":15,"column":51}},"4":{"start":{"line":18,"column":4},"end":{"line":18,"column":39}}},"fnMap":{"0":{"name":"(anonymous_0)","decl":{"start":{"line":4,"column":2},"end":{"line":4,"column":3}},"loc":{"start":{"line":8,"column":4},"end":{"line":8,"column":6}},"line":8},"1":{"name":"(anonymous_1)","decl":{"start":{"line":10,"column":2},"end":{"line":10,"column":3}},"loc":{"start":{"line":10,"column":74},"end":{"line":19,"column":3}},"line":10}},"branchMap":{"0":{"loc":{"start":{"line":10,"column":42},"end":{"line":10,"column":66}},"type":"default-arg","locations":[{"start":{"line":10,"column":61},"end":{"line":10,"column":66}}],"line":10},"1":{"loc":{"start":{"line":11,"column":4},"end":{"line":13,"column":5}},"type":"if","locations":[{"start":{"line":11,"column":4},"end":{"line":13,"column":5}},{"start":{},"end":{}}],"line":11},"2":{"loc":{"start":{"line":11,"column":8},"end":{"line":11,"column":31}},"type":"binary-expr","locations":[{"start":{"line":11,"column":8},"end":{"line":11,"column":11}},{"start":{"line":11,"column":15},"end":{"line":11,"column":31}}],"line":11},"3":{"loc":{"start":{"line":14,"column":4},"end":{"line":16,"column":5}},"type":"if","locations":[{"start":{"line":14,"column":4},"end":{"line":16,"column":5}},{"start":{},"end":{}}],"line":14},"4":{"loc":{"start":{"line":14,"column":8},"end":{"line":14,"column":35}},"type":"binary-expr","locations":[{"start":{"line":14,"column":8},"end":{"line":14,"column":13}},{"start":{"line":14,"column":17},"end":{"line":14,"column":35}}],"line":14}},"s":{"0":6,"1":2,"2":4,"3":2,"4":2},"f":{"0":2,"1":6},"b":{"0":[0],"1":[2,4],"2":[6,5],"3":[2,2],"4":[4,3]},"_coverageSchema":"1a1c01bbd47fc00a2c39e90264f33305004495a9","hash":"ebe593b6dbef0809317b93197298c335acca677d"}
,"C:\\Users\\pilep\\Documents\\Ynov\\ScoreBoard_PB\\src\\core\\useCases\\AdjustTime.ts": {"path":"C:\\Users\\pilep\\Documents\\Ynov\\ScoreBoard_PB\\src\\core\\useCases\\AdjustTime.ts","statementMap":{"0":{"start":{"line":14,"column":21},"end":{"line":14,"column":63}},"1":{"start":{"line":15,"column":8},"end":{"line":17,"column":9}},"2":{"start":{"line":16,"column":12},"end":{"line":16,"column":64}},"3":{"start":{"line":19,"column":8},"end":{"line":23,"column":9}},"4":{"start":{"line":20,"column":12},"end":{"line":22,"column":13}},"5":{"start":{"line":21,"column":16},"end":{"line":21,"column":134}},"6":{"start":{"line":25,"column":8},"end":{"line":27,"column":9}},"7":{"start":{"line":26,"column":12},"end":{"line":26,"column":55}},"8":{"start":{"line":29,"column":29},"end":{"line":29,"column":53}},"9":{"start":{"line":30,"column":25},"end":{"line":30,"column":76}},"10":{"start":{"line":31,"column":28},"end":{"line":31,"column":54}},"11":{"start":{"line":33,"column":8},"end":{"line":33,"column":52}},"12":{"start":{"line":35,"column":39},"end":{"line":45,"column":9}},"13":{"start":{"line":47,"column":8},"end":{"line":47,"column":44}},"14":{"start":{"line":49,"column":8},"end":{"line":49,"column":27}}},"fnMap":{"0":{"name":"(anonymous_0)","decl":{"start":{"line":8,"column":4},"end":{"line":8,"column":5}},"loc":{"start":{"line":11,"column":6},"end":{"line":11,"column":9}},"line":11},"1":{"name":"(anonymous_1)","decl":{"start":{"line":13,"column":4},"end":{"line":13,"column":5}},"loc":{"start":{"line":13,"column":89},"end":{"line":50,"column":5}},"line":13}},"branchMap":{"0":{"loc":{"start":{"line":15,"column":8},"end":{"line":17,"column":9}},"type":"if","locations":[{"start":{"line":15,"column":8},"end":{"line":17,"column":9}},{"start":{},"end":{}}],"line":15},"1":{"loc":{"start":{"line":19,"column":8},"end":{"line":23,"column":9}},"type":"if","locations":[{"start":{"line":19,"column":8},"end":{"line":23,"column":9}},{"start":{},"end":{}}],"line":19},"2":{"loc":{"start":{"line":19,"column":12},"end":{"line":19,"column":85}},"type":"binary-expr","locations":[{"start":{"line":19,"column":12},"end":{"line":19,"column":46}},{"start":{"line":19,"column":50},"end":{"line":19,"column":85}}],"line":19},"3":{"loc":{"start":{"line":20,"column":12},"end":{"line":22,"column":13}},"type":"if","locations":[{"start":{"line":20,"column":12},"end":{"line":22,"column":13}},{"start":{},"end":{}}],"line":20},"4":{"loc":{"start":{"line":20,"column":16},"end":{"line":20,"column":80}},"type":"binary-expr","locations":[{"start":{"line":20,"column":16},"end":{"line":20,"column":40}},{"start":{"line":20,"column":44},"end":{"line":20,"column":80}}],"line":20},"5":{"loc":{"start":{"line":25,"column":8},"end":{"line":27,"column":9}},"type":"if","locations":[{"start":{"line":25,"column":8},"end":{"line":27,"column":9}},{"start":{},"end":{}}],"line":25}},"s":{"0":3,"1":3,"2":0,"3":3,"4":3,"5":1,"6":2,"7":1,"8":1,"9":1,"10":1,"11":1,"12":1,"13":1,"14":1},"f":{"0":3,"1":3},"b":{"0":[0,3],"1":[3,0],"2":[3,0],"3":[1,2],"4":[3,1],"5":[1,1]},"_coverageSchema":"1a1c01bbd47fc00a2c39e90264f33305004495a9","hash":"31b0939852c9d884fa55684e9a4f91453f3becc8"}
,"C:\\Users\\pilep\\Documents\\Ynov\\ScoreBoard_PB\\src\\core\\useCases\\CreateGame.ts": {"path":"C:\\Users\\pilep\\Documents\\Ynov\\ScoreBoard_PB\\src\\core\\useCases\\CreateGame.ts","statementMap":{"0":{"start":{"line":28,"column":4},"end":{"line":28,"column":56}},"1":{"start":{"line":30,"column":21},"end":{"line":30,"column":78}},"2":{"start":{"line":31,"column":4},"end":{"line":34,"column":5}},"3":{"start":{"line":32,"column":6},"end":{"line":32,"column":76}},"4":{"start":{"line":33,"column":6},"end":{"line":33,"column":73}},"5":{"start":{"line":35,"column":4},"end":{"line":35,"column":77}},"6":{"start":{"line":37,"column":18},"end":{"line":37,"column":69}},"7":{"start":{"line":38,"column":4},"end":{"line":41,"column":5}},"8":{"start":{"line":39,"column":6},"end":{"line":39,"column":70}},"9":{"start":{"line":40,"column":6},"end":{"line":40,"column":67}},"10":{"start":{"line":42,"column":4},"end":{"line":42,"column":68}},"11":{"start":{"line":44,"column":20},"end":{"line":50,"column":5}},"12":{"start":{"line":51,"column":4},"end":{"line":51,"column":58}},"13":{"start":{"line":53,"column":17},"end":{"line":53,"column":74}},"14":{"start":{"line":54,"column":4},"end":{"line":54,"column":76}},"15":{"start":{"line":56,"column":4},"end":{"line":56,"column":41}},"16":{"start":{"line":57,"column":4},"end":{"line":57,"column":54}},"17":{"start":{"line":59,"column":35},"end":{"line":69,"column":5}},"18":{"start":{"line":71,"column":4},"end":{"line":71,"column":40}},"19":{"start":{"line":73,"column":4},"end":{"line":73,"column":16}}},"fnMap":{"0":{"name":"(anonymous_0)","decl":{"start":{"line":20,"column":2},"end":{"line":20,"column":3}},"loc":{"start":{"line":25,"column":4},"end":{"line":25,"column":7}},"line":25},"1":{"name":"(anonymous_1)","decl":{"start":{"line":27,"column":2},"end":{"line":27,"column":3}},"loc":{"start":{"line":27,"column":57},"end":{"line":74,"column":3}},"line":27}},"branchMap":{"0":{"loc":{"start":{"line":31,"column":4},"end":{"line":34,"column":5}},"type":"if","locations":[{"start":{"line":31,"column":4},"end":{"line":34,"column":5}},{"start":{},"end":{}}],"line":31},"1":{"loc":{"start":{"line":38,"column":4},"end":{"line":41,"column":5}},"type":"if","locations":[{"start":{"line":38,"column":4},"end":{"line":41,"column":5}},{"start":{},"end":{}}],"line":38}},"s":{"0":2,"1":2,"2":2,"3":1,"4":1,"5":1,"6":1,"7":1,"8":0,"9":0,"10":1,"11":1,"12":1,"13":1,"14":1,"15":1,"16":1,"17":1,"18":1,"19":1},"f":{"0":2,"1":2},"b":{"0":[1,1],"1":[0,1]},"_coverageSchema":"1a1c01bbd47fc00a2c39e90264f33305004495a9","hash":"700eab150cbebe3d10e54a48933289e00c4e8a1f"}
,"C:\\Users\\pilep\\Documents\\Ynov\\ScoreBoard_PB\\src\\core\\useCases\\EndBreak.ts": {"path":"C:\\Users\\pilep\\Documents\\Ynov\\ScoreBoard_PB\\src\\core\\useCases\\EndBreak.ts","statementMap":{"0":{"start":{"line":12,"column":21},"end":{"line":12,"column":63}},"1":{"start":{"line":13,"column":8},"end":{"line":15,"column":9}},"2":{"start":{"line":14,"column":12},"end":{"line":14,"column":64}},"3":{"start":{"line":17,"column":28},"end":{"line":17,"column":43}},"4":{"start":{"line":18,"column":8},"end":{"line":18,"column":52}},"5":{"start":{"line":20,"column":8},"end":{"line":25,"column":11}},"6":{"start":{"line":27,"column":8},"end":{"line":27,"column":27}}},"fnMap":{"0":{"name":"(anonymous_0)","decl":{"start":{"line":6,"column":4},"end":{"line":6,"column":5}},"loc":{"start":{"line":9,"column":6},"end":{"line":9,"column":9}},"line":9},"1":{"name":"(anonymous_1)","decl":{"start":{"line":11,"column":4},"end":{"line":11,"column":5}},"loc":{"start":{"line":11,"column":49},"end":{"line":28,"column":5}},"line":11}},"branchMap":{"0":{"loc":{"start":{"line":13,"column":8},"end":{"line":15,"column":9}},"type":"if","locations":[{"start":{"line":13,"column":8},"end":{"line":15,"column":9}},{"start":{},"end":{}}],"line":13}},"s":{"0":1,"1":1,"2":0,"3":1,"4":1,"5":1,"6":1},"f":{"0":1,"1":1},"b":{"0":[0,1]},"_coverageSchema":"1a1c01bbd47fc00a2c39e90264f33305004495a9","hash":"596e7bc2141bbf6cb992f231b0163c0b49ce34ef"}
,"C:\\Users\\pilep\\Documents\\Ynov\\ScoreBoard_PB\\src\\core\\useCases\\FinishGame.ts": {"path":"C:\\Users\\pilep\\Documents\\Ynov\\ScoreBoard_PB\\src\\core\\useCases\\FinishGame.ts","statementMap":{"0":{"start":{"line":14,"column":21},"end":{"line":14,"column":63}},"1":{"start":{"line":15,"column":8},"end":{"line":17,"column":9}},"2":{"start":{"line":16,"column":12},"end":{"line":16,"column":64}},"3":{"start":{"line":19,"column":29},"end":{"line":19,"column":42}},"4":{"start":{"line":21,"column":8},"end":{"line":21,"column":53}},"5":{"start":{"line":23,"column":42},"end":{"line":23,"column":46}},"6":{"start":{"line":24,"column":8},"end":{"line":28,"column":9}},"7":{"start":{"line":25,"column":12},"end":{"line":25,"column":54}},"8":{"start":{"line":26,"column":15},"end":{"line":28,"column":9}},"9":{"start":{"line":27,"column":12},"end":{"line":27,"column":54}},"10":{"start":{"line":30,"column":39},"end":{"line":42,"column":9}},"11":{"start":{"line":44,"column":8},"end":{"line":44,"column":44}},"12":{"start":{"line":46,"column":8},"end":{"line":46,"column":28}}},"fnMap":{"0":{"name":"(anonymous_0)","decl":{"start":{"line":8,"column":4},"end":{"line":8,"column":5}},"loc":{"start":{"line":11,"column":6},"end":{"line":11,"column":9}},"line":11},"1":{"name":"(anonymous_1)","decl":{"start":{"line":13,"column":4},"end":{"line":13,"column":5}},"loc":{"start":{"line":13,"column":118},"end":{"line":47,"column":5}},"line":13}},"branchMap":{"0":{"loc":{"start":{"line":15,"column":8},"end":{"line":17,"column":9}},"type":"if","locations":[{"start":{"line":15,"column":8},"end":{"line":17,"column":9}},{"start":{},"end":{}}],"line":15},"1":{"loc":{"start":{"line":24,"column":8},"end":{"line":28,"column":9}},"type":"if","locations":[{"start":{"line":24,"column":8},"end":{"line":28,"column":9}},{"start":{"line":26,"column":15},"end":{"line":28,"column":9}}],"line":24},"2":{"loc":{"start":{"line":26,"column":15},"end":{"line":28,"column":9}},"type":"if","locations":[{"start":{"line":26,"column":15},"end":{"line":28,"column":9}},{"start":{},"end":{}}],"line":26}},"s":{"0":2,"1":2,"2":0,"3":2,"4":2,"5":2,"6":2,"7":1,"8":1,"9":0,"10":2,"11":2,"12":2},"f":{"0":2,"1":2},"b":{"0":[0,2],"1":[1,1],"2":[0,1]},"_coverageSchema":"1a1c01bbd47fc00a2c39e90264f33305004495a9","hash":"65e219be134058c822a00615151e2bc776b930fb"}
,"C:\\Users\\pilep\\Documents\\Ynov\\ScoreBoard_PB\\src\\core\\useCases\\ReorderMatchupsUseCase.ts": {"path":"C:\\Users\\pilep\\Documents\\Ynov\\ScoreBoard_PB\\src\\core\\useCases\\ReorderMatchupsUseCase.ts","statementMap":{"0":{"start":{"line":8,"column":8},"end":{"line":10,"column":9}},"1":{"start":{"line":9,"column":12},"end":{"line":9,"column":52}},"2":{"start":{"line":11,"column":8},"end":{"line":13,"column":9}},"3":{"start":{"line":12,"column":12},"end":{"line":12,"column":59}},"4":{"start":{"line":15,"column":22},"end":{"line":15,"column":66}},"5":{"start":{"line":16,"column":8},"end":{"line":18,"column":9}},"6":{"start":{"line":17,"column":12},"end":{"line":17,"column":66}},"7":{"start":{"line":20,"column":32},"end":{"line":20,"column":46}},"8":{"start":{"line":21,"column":8},"end":{"line":23,"column":9}},"9":{"start":{"line":22,"column":12},"end":{"line":22,"column":59}},"10":{"start":{"line":26,"column":34},"end":{"line":33,"column":10}},"11":{"start":{"line":27,"column":28},"end":{"line":27,"column":68}},"12":{"start":{"line":27,"column":56},"end":{"line":27,"column":67}},"13":{"start":{"line":28,"column":12},"end":{"line":30,"column":13}},"14":{"start":{"line":29,"column":16},"end":{"line":29,"column":76}},"15":{"start":{"line":32,"column":12},"end":{"line":32,"column":107}},"16":{"start":{"line":35,"column":29},"end":{"line":35,"column":127}},"17":{"start":{"line":37,"column":8},"end":{"line":37,"column":54}}},"fnMap":{"0":{"name":"(anonymous_0)","decl":{"start":{"line":5,"column":4},"end":{"line":5,"column":5}},"loc":{"start":{"line":5,"column":59},"end":{"line":5,"column":62}},"line":5},"1":{"name":"(anonymous_1)","decl":{"start":{"line":7,"column":4},"end":{"line":7,"column":5}},"loc":{"start":{"line":7,"column":76},"end":{"line":38,"column":5}},"line":7},"2":{"name":"(anonymous_2)","decl":{"start":{"line":26,"column":49},"end":{"line":26,"column":50}},"loc":{"start":{"line":26,"column":64},"end":{"line":33,"column":9}},"line":26},"3":{"name":"(anonymous_3)","decl":{"start":{"line":27,"column":49},"end":{"line":27,"column":50}},"loc":{"start":{"line":27,"column":56},"end":{"line":27,"column":67}},"line":27}},"branchMap":{"0":{"loc":{"start":{"line":8,"column":8},"end":{"line":10,"column":9}},"type":"if","locations":[{"start":{"line":8,"column":8},"end":{"line":10,"column":9}},{"start":{},"end":{}}],"line":8},"1":{"loc":{"start":{"line":8,"column":12},"end":{"line":8,"column":45}},"type":"binary-expr","locations":[{"start":{"line":8,"column":12},"end":{"line":8,"column":20}},{"start":{"line":8,"column":24},"end":{"line":8,"column":45}}],"line":8},"2":{"loc":{"start":{"line":11,"column":8},"end":{"line":13,"column":9}},"type":"if","locations":[{"start":{"line":11,"column":8},"end":{"line":13,"column":9}},{"start":{},"end":{}}],"line":11},"3":{"loc":{"start":{"line":11,"column":12},"end":{"line":11,"column":50}},"type":"binary-expr","locations":[{"start":{"line":11,"column":12},"end":{"line":11,"column":23}},{"start":{"line":11,"column":27},"end":{"line":11,"column":50}}],"line":11},"4":{"loc":{"start":{"line":16,"column":8},"end":{"line":18,"column":9}},"type":"if","locations":[{"start":{"line":16,"column":8},"end":{"line":18,"column":9}},{"start":{},"end":{}}],"line":16},"5":{"loc":{"start":{"line":21,"column":8},"end":{"line":23,"column":9}},"type":"if","locations":[{"start":{"line":21,"column":8},"end":{"line":23,"column":9}},{"start":{},"end":{}}],"line":21},"6":{"loc":{"start":{"line":28,"column":12},"end":{"line":30,"column":13}},"type":"if","locations":[{"start":{"line":28,"column":12},"end":{"line":30,"column":13}},{"start":{},"end":{}}],"line":28}},"s":{"0":3,"1":0,"2":3,"3":0,"4":3,"5":3,"6":1,"7":2,"8":2,"9":1,"10":1,"11":2,"12":3,"13":2,"14":0,"15":2,"16":1,"17":1},"f":{"0":3,"1":3,"2":2,"3":3},"b":{"0":[0,3],"1":[3,3],"2":[0,3],"3":[3,3],"4":[1,2],"5":[1,1],"6":[0,2]},"_coverageSchema":"1a1c01bbd47fc00a2c39e90264f33305004495a9","hash":"72c76ff488892c043d56e154c661d155d93b5147"}
,"C:\\Users\\pilep\\Documents\\Ynov\\ScoreBoard_PB\\src\\core\\useCases\\ResumeGame.ts": {"path":"C:\\Users\\pilep\\Documents\\Ynov\\ScoreBoard_PB\\src\\core\\useCases\\ResumeGame.ts","statementMap":{"0":{"start":{"line":13,"column":21},"end":{"line":13,"column":63}},"1":{"start":{"line":14,"column":8},"end":{"line":16,"column":9}},"2":{"start":{"line":15,"column":12},"end":{"line":15,"column":64}},"3":{"start":{"line":18,"column":28},"end":{"line":18,"column":41}},"4":{"start":{"line":20,"column":8},"end":{"line":20,"column":52}},"5":{"start":{"line":22,"column":39},"end":{"line":30,"column":9}},"6":{"start":{"line":32,"column":8},"end":{"line":32,"column":44}},"7":{"start":{"line":34,"column":8},"end":{"line":34,"column":27}}},"fnMap":{"0":{"name":"(anonymous_0)","decl":{"start":{"line":7,"column":4},"end":{"line":7,"column":5}},"loc":{"start":{"line":10,"column":6},"end":{"line":10,"column":9}},"line":10},"1":{"name":"(anonymous_1)","decl":{"start":{"line":12,"column":4},"end":{"line":12,"column":5}},"loc":{"start":{"line":12,"column":49},"end":{"line":35,"column":5}},"line":12}},"branchMap":{"0":{"loc":{"start":{"line":14,"column":8},"end":{"line":16,"column":9}},"type":"if","locations":[{"start":{"line":14,"column":8},"end":{"line":16,"column":9}},{"start":{},"end":{}}],"line":14}},"s":{"0":1,"1":1,"2":0,"3":1,"4":1,"5":1,"6":1,"7":1},"f":{"0":1,"1":1},"b":{"0":[0,1]},"_coverageSchema":"1a1c01bbd47fc00a2c39e90264f33305004495a9","hash":"bf82acb0f962583e406098f067bb27b05109d8b4"}
,"C:\\Users\\pilep\\Documents\\Ynov\\ScoreBoard_PB\\src\\core\\useCases\\ScorePoint.ts": {"path":"C:\\Users\\pilep\\Documents\\Ynov\\ScoreBoard_PB\\src\\core\\useCases\\ScorePoint.ts","statementMap":{"0":{"start":{"line":14,"column":21},"end":{"line":14,"column":63}},"1":{"start":{"line":15,"column":8},"end":{"line":17,"column":9}},"2":{"start":{"line":16,"column":12},"end":{"line":16,"column":64}},"3":{"start":{"line":20,"column":8},"end":{"line":26,"column":9}},"4":{"start":{"line":21,"column":12},"end":{"line":21,"column":51}},"5":{"start":{"line":22,"column":15},"end":{"line":26,"column":9}},"6":{"start":{"line":23,"column":12},"end":{"line":23,"column":51}},"7":{"start":{"line":25,"column":12},"end":{"line":25,"column":71}},"8":{"start":{"line":28,"column":26},"end":{"line":28,"column":51}},"9":{"start":{"line":30,"column":8},"end":{"line":30,"column":52}},"10":{"start":{"line":32,"column":39},"end":{"line":44,"column":9}},"11":{"start":{"line":46,"column":8},"end":{"line":46,"column":44}},"12":{"start":{"line":48,"column":8},"end":{"line":48,"column":27}}},"fnMap":{"0":{"name":"(anonymous_0)","decl":{"start":{"line":8,"column":4},"end":{"line":8,"column":5}},"loc":{"start":{"line":11,"column":6},"end":{"line":11,"column":9}},"line":11},"1":{"name":"(anonymous_1)","decl":{"start":{"line":13,"column":4},"end":{"line":13,"column":5}},"loc":{"start":{"line":13,"column":65},"end":{"line":49,"column":5}},"line":13}},"branchMap":{"0":{"loc":{"start":{"line":15,"column":8},"end":{"line":17,"column":9}},"type":"if","locations":[{"start":{"line":15,"column":8},"end":{"line":17,"column":9}},{"start":{},"end":{}}],"line":15},"1":{"loc":{"start":{"line":20,"column":8},"end":{"line":26,"column":9}},"type":"if","locations":[{"start":{"line":20,"column":8},"end":{"line":26,"column":9}},{"start":{"line":22,"column":15},"end":{"line":26,"column":9}}],"line":20},"2":{"loc":{"start":{"line":22,"column":15},"end":{"line":26,"column":9}},"type":"if","locations":[{"start":{"line":22,"column":15},"end":{"line":26,"column":9}},{"start":{"line":24,"column":15},"end":{"line":26,"column":9}}],"line":22}},"s":{"0":3,"1":3,"2":1,"3":2,"4":1,"5":1,"6":0,"7":1,"8":1,"9":1,"10":1,"11":1,"12":1},"f":{"0":3,"1":3},"b":{"0":[1,2],"1":[1,1],"2":[0,1]},"_coverageSchema":"1a1c01bbd47fc00a2c39e90264f33305004495a9","hash":"8057b1f6704489a1a5aa12e88b91dbf730330cce"}
,"C:\\Users\\pilep\\Documents\\Ynov\\ScoreBoard_PB\\src\\core\\useCases\\StartBreak.ts": {"path":"C:\\Users\\pilep\\Documents\\Ynov\\ScoreBoard_PB\\src\\core\\useCases\\StartBreak.ts","statementMap":{"0":{"start":{"line":12,"column":21},"end":{"line":12,"column":63}},"1":{"start":{"line":13,"column":8},"end":{"line":15,"column":9}},"2":{"start":{"line":14,"column":12},"end":{"line":14,"column":64}},"3":{"start":{"line":17,"column":26},"end":{"line":17,"column":43}},"4":{"start":{"line":18,"column":8},"end":{"line":18,"column":50}},"5":{"start":{"line":20,"column":8},"end":{"line":25,"column":11}},"6":{"start":{"line":27,"column":8},"end":{"line":27,"column":25}}},"fnMap":{"0":{"name":"(anonymous_0)","decl":{"start":{"line":6,"column":4},"end":{"line":6,"column":5}},"loc":{"start":{"line":9,"column":6},"end":{"line":9,"column":9}},"line":9},"1":{"name":"(anonymous_1)","decl":{"start":{"line":11,"column":4},"end":{"line":11,"column":5}},"loc":{"start":{"line":11,"column":49},"end":{"line":28,"column":5}},"line":11}},"branchMap":{"0":{"loc":{"start":{"line":13,"column":8},"end":{"line":15,"column":9}},"type":"if","locations":[{"start":{"line":13,"column":8},"end":{"line":15,"column":9}},{"start":{},"end":{}}],"line":13}},"s":{"0":1,"1":1,"2":0,"3":1,"4":1,"5":1,"6":1},"f":{"0":1,"1":1},"b":{"0":[0,1]},"_coverageSchema":"1a1c01bbd47fc00a2c39e90264f33305004495a9","hash":"c4cb023d9c991ded16be9fe0136597be28a73899"}
,"C:\\Users\\pilep\\Documents\\Ynov\\ScoreBoard_PB\\src\\core\\useCases\\StartGame.ts": {"path":"C:\\Users\\pilep\\Documents\\Ynov\\ScoreBoard_PB\\src\\core\\useCases\\StartGame.ts","statementMap":{"0":{"start":{"line":13,"column":21},"end":{"line":13,"column":63}},"1":{"start":{"line":14,"column":8},"end":{"line":16,"column":9}},"2":{"start":{"line":15,"column":12},"end":{"line":15,"column":64}},"3":{"start":{"line":18,"column":28},"end":{"line":18,"column":40}},"4":{"start":{"line":20,"column":8},"end":{"line":20,"column":52}},"5":{"start":{"line":22,"column":39},"end":{"line":30,"column":9}},"6":{"start":{"line":32,"column":8},"end":{"line":32,"column":44}},"7":{"start":{"line":34,"column":8},"end":{"line":34,"column":27}}},"fnMap":{"0":{"name":"(anonymous_0)","decl":{"start":{"line":7,"column":4},"end":{"line":7,"column":5}},"loc":{"start":{"line":10,"column":6},"end":{"line":10,"column":9}},"line":10},"1":{"name":"(anonymous_1)","decl":{"start":{"line":12,"column":4},"end":{"line":12,"column":5}},"loc":{"start":{"line":12,"column":49},"end":{"line":35,"column":5}},"line":12}},"branchMap":{"0":{"loc":{"start":{"line":14,"column":8},"end":{"line":16,"column":9}},"type":"if","locations":[{"start":{"line":14,"column":8},"end":{"line":16,"column":9}},{"start":{},"end":{}}],"line":14}},"s":{"0":1,"1":1,"2":0,"3":1,"4":1,"5":1,"6":1,"7":1},"f":{"0":1,"1":1},"b":{"0":[0,1]},"_coverageSchema":"1a1c01bbd47fc00a2c39e90264f33305004495a9","hash":"fff4fed7e218f163ac688e7e1e744adbdc5a2424"}
,"C:\\Users\\pilep\\Documents\\Ynov\\ScoreBoard_PB\\src\\core\\useCases\\StartOvertime.ts": {"path":"C:\\Users\\pilep\\Documents\\Ynov\\ScoreBoard_PB\\src\\core\\useCases\\StartOvertime.ts","statementMap":{"0":{"start":{"line":13,"column":21},"end":{"line":13,"column":63}},"1":{"start":{"line":14,"column":8},"end":{"line":16,"column":9}},"2":{"start":{"line":15,"column":12},"end":{"line":15,"column":64}},"3":{"start":{"line":18,"column":29},"end":{"line":18,"column":49}},"4":{"start":{"line":20,"column":8},"end":{"line":20,"column":53}},"5":{"start":{"line":22,"column":39},"end":{"line":30,"column":9}},"6":{"start":{"line":32,"column":8},"end":{"line":32,"column":44}},"7":{"start":{"line":34,"column":8},"end":{"line":34,"column":28}}},"fnMap":{"0":{"name":"(anonymous_0)","decl":{"start":{"line":7,"column":4},"end":{"line":7,"column":5}},"loc":{"start":{"line":10,"column":6},"end":{"line":10,"column":9}},"line":10},"1":{"name":"(anonymous_1)","decl":{"start":{"line":12,"column":4},"end":{"line":12,"column":5}},"loc":{"start":{"line":12,"column":49},"end":{"line":35,"column":5}},"line":12}},"branchMap":{"0":{"loc":{"start":{"line":14,"column":8},"end":{"line":16,"column":9}},"type":"if","locations":[{"start":{"line":14,"column":8},"end":{"line":16,"column":9}},{"start":{},"end":{}}],"line":14},"1":{"loc":{"start":{"line":28,"column":34},"end":{"line":28,"column":78}},"type":"binary-expr","locations":[{"start":{"line":28,"column":34},"end":{"line":28,"column":73}},{"start":{"line":28,"column":77},"end":{"line":28,"column":78}}],"line":28}},"s":{"0":1,"1":1,"2":0,"3":1,"4":1,"5":1,"6":1,"7":1},"f":{"0":1,"1":1},"b":{"0":[0,1],"1":[1,0]},"_coverageSchema":"1a1c01bbd47fc00a2c39e90264f33305004495a9","hash":"e2771259e92e3de0a8297dfc36c54fe301952a46"}
,"C:\\Users\\pilep\\Documents\\Ynov\\ScoreBoard_PB\\src\\core\\useCases\\StopGameTime.ts": {"path":"C:\\Users\\pilep\\Documents\\Ynov\\ScoreBoard_PB\\src\\core\\useCases\\StopGameTime.ts","statementMap":{"0":{"start":{"line":13,"column":21},"end":{"line":13,"column":63}},"1":{"start":{"line":14,"column":8},"end":{"line":16,"column":9}},"2":{"start":{"line":15,"column":12},"end":{"line":15,"column":64}},"3":{"start":{"line":18,"column":28},"end":{"line":18,"column":43}},"4":{"start":{"line":20,"column":8},"end":{"line":20,"column":52}},"5":{"start":{"line":22,"column":39},"end":{"line":30,"column":9}},"6":{"start":{"line":32,"column":8},"end":{"line":32,"column":44}},"7":{"start":{"line":34,"column":8},"end":{"line":34,"column":27}}},"fnMap":{"0":{"name":"(anonymous_0)","decl":{"start":{"line":7,"column":4},"end":{"line":7,"column":5}},"loc":{"start":{"line":10,"column":6},"end":{"line":10,"column":9}},"line":10},"1":{"name":"(anonymous_1)","decl":{"start":{"line":12,"column":4},"end":{"line":12,"column":5}},"loc":{"start":{"line":12,"column":49},"end":{"line":35,"column":5}},"line":12}},"branchMap":{"0":{"loc":{"start":{"line":14,"column":8},"end":{"line":16,"column":9}},"type":"if","locations":[{"start":{"line":14,"column":8},"end":{"line":16,"column":9}},{"start":{},"end":{}}],"line":14}},"s":{"0":1,"1":1,"2":0,"3":1,"4":1,"5":1,"6":1,"7":1},"f":{"0":1,"1":1},"b":{"0":[0,1]},"_coverageSchema":"1a1c01bbd47fc00a2c39e90264f33305004495a9","hash":"3bb1c6ac5dfe077689974647bcc69bc9cd5bb63b"}
,"C:\\Users\\pilep\\Documents\\Ynov\\ScoreBoard_PB\\src\\core\\useCases\\SwapSides.ts": {"path":"C:\\Users\\pilep\\Documents\\Ynov\\ScoreBoard_PB\\src\\core\\useCases\\SwapSides.ts","statementMap":{"0":{"start":{"line":13,"column":21},"end":{"line":13,"column":63}},"1":{"start":{"line":14,"column":8},"end":{"line":16,"column":9}},"2":{"start":{"line":15,"column":12},"end":{"line":15,"column":64}},"3":{"start":{"line":18,"column":28},"end":{"line":18,"column":44}},"4":{"start":{"line":20,"column":8},"end":{"line":20,"column":52}},"5":{"start":{"line":22,"column":41},"end":{"line":30,"column":9}},"6":{"start":{"line":32,"column":8},"end":{"line":32,"column":44}},"7":{"start":{"line":34,"column":8},"end":{"line":34,"column":27}}},"fnMap":{"0":{"name":"(anonymous_0)","decl":{"start":{"line":7,"column":4},"end":{"line":7,"column":5}},"loc":{"start":{"line":10,"column":6},"end":{"line":10,"column":9}},"line":10},"1":{"name":"(anonymous_1)","decl":{"start":{"line":12,"column":4},"end":{"line":12,"column":5}},"loc":{"start":{"line":12,"column":49},"end":{"line":35,"column":5}},"line":12}},"branchMap":{"0":{"loc":{"start":{"line":14,"column":8},"end":{"line":16,"column":9}},"type":"if","locations":[{"start":{"line":14,"column":8},"end":{"line":16,"column":9}},{"start":{},"end":{}}],"line":14}},"s":{"0":2,"1":2,"2":0,"3":2,"4":2,"5":2,"6":2,"7":2},"f":{"0":1,"1":2},"b":{"0":[0,2]},"_coverageSchema":"1a1c01bbd47fc00a2c39e90264f33305004495a9","hash":"d9eea6a3be92f99f42200cf8e449c39e85879015"}
,"C:\\Users\\pilep\\Documents\\Ynov\\ScoreBoard_PB\\src\\presentation\\state\\GameStateMachine.ts": {"path":"C:\\Users\\pilep\\Documents\\Ynov\\ScoreBoard_PB\\src\\presentation\\state\\GameStateMachine.ts","statementMap":{"0":{"start":{"line":25,"column":8},"end":{"line":25,"column":25}},"1":{"start":{"line":33,"column":8},"end":{"line":42,"column":10}},"2":{"start":{"line":48,"column":8},"end":{"line":54,"column":10}},"3":{"start":{"line":60,"column":8},"end":{"line":66,"column":10}},"4":{"start":{"line":72,"column":38},"end":{"line":75,"column":9}},"5":{"start":{"line":77,"column":8},"end":{"line":83,"column":10}},"6":{"start":{"line":89,"column":8},"end":{"line":95,"column":10}},"7":{"start":{"line":101,"column":8},"end":{"line":107,"column":10}},"8":{"start":{"line":113,"column":8},"end":{"line":113,"column":31}},"9":{"start":{"line":113,"column":19},"end":{"line":113,"column":31}},"10":{"start":{"line":115,"column":8},"end":{"line":117,"column":9}},"11":{"start":{"line":116,"column":12},"end":{"line":116,"column":45}},"12":{"start":{"line":119,"column":8},"end":{"line":121,"column":9}},"13":{"start":{"line":120,"column":12},"end":{"line":120,"column":43}},"14":{"start":{"line":123,"column":8},"end":{"line":125,"column":9}},"15":{"start":{"line":124,"column":12},"end":{"line":124,"column":40}},"16":{"start":{"line":127,"column":8},"end":{"line":129,"column":9}},"17":{"start":{"line":128,"column":12},"end":{"line":128,"column":42}},"18":{"start":{"line":131,"column":8},"end":{"line":133,"column":9}},"19":{"start":{"line":132,"column":12},"end":{"line":132,"column":50}},"20":{"start":{"line":135,"column":8},"end":{"line":137,"column":9}},"21":{"start":{"line":136,"column":12},"end":{"line":136,"column":42}},"22":{"start":{"line":139,"column":8},"end":{"line":139,"column":20}}},"fnMap":{"0":{"name":"(anonymous_0)","decl":{"start":{"line":24,"column":4},"end":{"line":24,"column":5}},"loc":{"start":{"line":24,"column":28},"end":{"line":26,"column":5}},"line":24},"1":{"name":"(anonymous_1)","decl":{"start":{"line":32,"column":4},"end":{"line":32,"column":5}},"loc":{"start":{"line":32,"column":29},"end":{"line":43,"column":5}},"line":32},"2":{"name":"(anonymous_2)","decl":{"start":{"line":47,"column":4},"end":{"line":47,"column":5}},"loc":{"start":{"line":47,"column":29},"end":{"line":55,"column":5}},"line":47},"3":{"name":"(anonymous_3)","decl":{"start":{"line":59,"column":4},"end":{"line":59,"column":5}},"loc":{"start":{"line":59,"column":29},"end":{"line":67,"column":5}},"line":59},"4":{"name":"(anonymous_4)","decl":{"start":{"line":71,"column":4},"end":{"line":71,"column":5}},"loc":{"start":{"line":71,"column":29},"end":{"line":84,"column":5}},"line":71},"5":{"name":"(anonymous_5)","decl":{"start":{"line":88,"column":4},"end":{"line":88,"column":5}},"loc":{"start":{"line":88,"column":29},"end":{"line":96,"column":5}},"line":88},"6":{"name":"(anonymous_6)","decl":{"start":{"line":100,"column":4},"end":{"line":100,"column":5}},"loc":{"start":{"line":100,"column":29},"end":{"line":108,"column":5}},"line":100},"7":{"name":"(anonymous_7)","decl":{"start":{"line":112,"column":4},"end":{"line":112,"column":5}},"loc":{"start":{"line":112,"column":66},"end":{"line":140,"column":5}},"line":112}},"branchMap":{"0":{"loc":{"start":{"line":81,"column":29},"end":{"line":81,"column":91}},"type":"cond-expr","locations":[{"start":{"line":81,"column":72},"end":{"line":81,"column":82}},{"start":{"line":81,"column":85},"end":{"line":81,"column":91}}],"line":81},"1":{"loc":{"start":{"line":113,"column":8},"end":{"line":113,"column":31}},"type":"if","locations":[{"start":{"line":113,"column":8},"end":{"line":113,"column":31}},{"start":{},"end":{}}],"line":113},"2":{"loc":{"start":{"line":115,"column":8},"end":{"line":117,"column":9}},"type":"if","locations":[{"start":{"line":115,"column":8},"end":{"line":117,"column":9}},{"start":{},"end":{}}],"line":115},"3":{"loc":{"start":{"line":119,"column":8},"end":{"line":121,"column":9}},"type":"if","locations":[{"start":{"line":119,"column":8},"end":{"line":121,"column":9}},{"start":{},"end":{}}],"line":119},"4":{"loc":{"start":{"line":123,"column":8},"end":{"line":125,"column":9}},"type":"if","locations":[{"start":{"line":123,"column":8},"end":{"line":125,"column":9}},{"start":{},"end":{}}],"line":123},"5":{"loc":{"start":{"line":127,"column":8},"end":{"line":129,"column":9}},"type":"if","locations":[{"start":{"line":127,"column":8},"end":{"line":129,"column":9}},{"start":{},"end":{}}],"line":127},"6":{"loc":{"start":{"line":127,"column":12},"end":{"line":127,"column":76}},"type":"binary-expr","locations":[{"start":{"line":127,"column":12},"end":{"line":127,"column":36}},{"start":{"line":127,"column":40},"end":{"line":127,"column":76}}],"line":127},"7":{"loc":{"start":{"line":131,"column":8},"end":{"line":133,"column":9}},"type":"if","locations":[{"start":{"line":131,"column":8},"end":{"line":133,"column":9}},{"start":{},"end":{}}],"line":131},"8":{"loc":{"start":{"line":135,"column":8},"end":{"line":137,"column":9}},"type":"if","locations":[{"start":{"line":135,"column":8},"end":{"line":137,"column":9}},{"start":{},"end":{}}],"line":135}},"s":{"0":7,"1":1,"2":1,"3":1,"4":2,"5":2,"6":1,"7":1,"8":8,"9":1,"10":7,"11":1,"12":6,"13":1,"14":5,"15":1,"16":4,"17":2,"18":2,"19":1,"20":1,"21":1,"22":0},"f":{"0":7,"1":1,"2":1,"3":1,"4":2,"5":1,"6":1,"7":8},"b":{"0":[1,1],"1":[1,7],"2":[1,6],"3":[1,5],"4":[1,4],"5":[2,2],"6":[4,2],"7":[1,1],"8":[1,0]},"_coverageSchema":"1a1c01bbd47fc00a2c39e90264f33305004495a9","hash":"240cae0ae234abf01e6bccd636b5c91b57d63336"}
}
