TN:
SF:src\core\domain\Field.ts
FN:8,(anonymous_0)
FN:16,(anonymous_1)
FN:47,(anonymous_2)
FN:54,(anonymous_3)
FN:68,(anonymous_4)
FN:72,(anonymous_5)
FN:73,(anonymous_6)
FN:77,(anonymous_7)
FN:78,(anonymous_8)
FNF:9
FNH:7
FNDA:41,(anonymous_0)
FNDA:47,(anonymous_1)
FNDA:13,(anonymous_2)
FNDA:11,(anonymous_3)
FNDA:2,(anonymous_4)
FNDA:2,(anonymous_5)
FNDA:3,(anonymous_6)
FNDA:0,(anonymous_7)
FNDA:0,(anonymous_8)
DA:23,47
DA:24,1
DA:26,46
DA:27,1
DA:29,45
DA:30,1
DA:32,44
DA:33,1
DA:35,43
DA:36,1
DA:38,42
DA:39,1
DA:42,41
DA:55,11
DA:56,1
DA:58,10
DA:59,0
DA:61,10
DA:62,1
DA:65,9
DA:69,2
DA:73,3
DA:74,2
DA:78,0
DA:79,0
DA:81,0
LF:26
LH:22
BRDA:23,0,0,1
BRDA:23,0,1,46
BRDA:23,1,0,47
BRDA:23,1,1,46
BRDA:26,2,0,1
BRDA:26,2,1,45
BRDA:26,3,0,46
BRDA:26,3,1,45
BRDA:29,4,0,1
BRDA:29,4,1,44
BRDA:29,5,0,45
BRDA:29,5,1,44
BRDA:32,6,0,1
BRDA:32,6,1,43
BRDA:35,7,0,1
BRDA:35,7,1,42
BRDA:38,8,0,1
BRDA:38,8,1,41
BRDA:38,9,0,42
BRDA:38,9,1,41
BRDA:54,10,0,5
BRDA:55,11,0,1
BRDA:55,11,1,10
BRDA:55,12,0,11
BRDA:55,12,1,10
BRDA:58,13,0,0
BRDA:58,13,1,10
BRDA:58,14,0,10
BRDA:58,14,1,10
BRDA:61,15,0,1
BRDA:61,15,1,9
BRDA:61,16,0,10
BRDA:61,16,1,9
BRDA:79,17,0,0
BRDA:79,17,1,0
BRF:35
BRH:32
end_of_record
TN:
SF:src\core\domain\Game.ts
FN:8,(anonymous_0)
FN:17,(anonymous_1)
FN:21,(anonymous_2)
FN:25,(anonymous_3)
FN:29,(anonymous_4)
FN:35,(anonymous_5)
FN:45,(anonymous_6)
FN:50,(anonymous_7)
FN:58,(anonymous_8)
FN:69,(anonymous_9)
FN:75,(anonymous_10)
FN:90,(anonymous_11)
FN:119,(anonymous_12)
FN:136,(anonymous_13)
FN:157,(anonymous_14)
FN:182,(anonymous_15)
FN:203,(anonymous_16)
FN:232,(anonymous_17)
FN:249,(anonymous_18)
FN:270,(anonymous_19)
FN:296,(anonymous_20)
FN:319,(anonymous_21)
FN:336,(anonymous_22)
FNF:23
FNH:23
FNDA:50,(anonymous_0)
FNDA:3,(anonymous_1)
FNDA:1,(anonymous_2)
FNDA:2,(anonymous_3)
FNDA:2,(anonymous_4)
FNDA:93,(anonymous_5)
FNDA:27,(anonymous_6)
FNDA:17,(anonymous_7)
FNDA:1,(anonymous_8)
FNDA:2,(anonymous_9)
FNDA:91,(anonymous_10)
FNDA:36,(anonymous_11)
FNDA:2,(anonymous_12)
FNDA:24,(anonymous_13)
FNDA:3,(anonymous_14)
FNDA:13,(anonymous_15)
FNDA:5,(anonymous_16)
FNDA:4,(anonymous_17)
FNDA:3,(anonymous_18)
FNDA:1,(anonymous_19)
FNDA:2,(anonymous_20)
FNDA:2,(anonymous_21)
FNDA:3,(anonymous_22)
DA:12,50
DA:13,2
DA:18,3
DA:22,1
DA:26,2
DA:30,2
DA:40,93
DA:41,1
DA:46,27
DA:47,27
DA:51,17
DA:52,5
DA:54,12
DA:55,12
DA:59,1
DA:60,0
DA:62,1
DA:63,0
DA:64,0
DA:66,1
DA:70,2
DA:96,36
DA:97,1
DA:100,35
DA:101,35
DA:103,35
DA:120,2
DA:137,24
DA:138,1
DA:141,23
DA:158,3
DA:159,0
DA:162,3
DA:164,3
DA:166,3
DA:183,13
DA:184,1
DA:187,12
DA:204,5
DA:205,1
DA:208,4
DA:209,1
DA:212,3
DA:216,3
DA:233,4
DA:252,3
DA:254,3
DA:274,1
DA:280,1
DA:297,2
DA:298,1
DA:299,1
DA:303,1
DA:320,2
DA:337,3
DA:338,2
DA:339,1
DA:343,2
LF:58
LH:54
BRDA:9,0,0,0
BRDA:10,1,0,0
BRDA:12,2,0,2
BRDA:12,2,1,48
BRDA:12,3,0,50
BRDA:12,3,1,49
BRDA:30,4,0,2
BRDA:30,4,1,1
BRDA:37,5,0,38
BRDA:38,6,0,48
BRDA:40,7,0,1
BRDA:40,7,1,92
BRDA:51,8,0,5
BRDA:51,8,1,12
BRDA:51,9,0,17
BRDA:51,9,1,13
BRDA:59,10,0,0
BRDA:59,10,1,1
BRDA:62,11,0,0
BRDA:62,11,1,1
BRDA:83,12,0,0
BRDA:84,13,0,0
BRDA:85,14,0,0
BRDA:86,15,0,0
BRDA:87,16,0,0
BRDA:96,17,0,1
BRDA:96,17,1,35
BRDA:96,18,0,36
BRDA:96,18,1,35
BRDA:137,19,0,1
BRDA:137,19,1,23
BRDA:137,20,0,24
BRDA:137,20,1,1
BRDA:137,20,2,1
BRDA:158,21,0,0
BRDA:158,21,1,3
BRDA:158,22,0,3
BRDA:158,22,1,0
BRDA:158,22,2,0
BRDA:162,23,0,3
BRDA:162,23,1,0
BRDA:183,24,0,1
BRDA:183,24,1,12
BRDA:183,25,0,13
BRDA:183,25,1,1
BRDA:204,26,0,1
BRDA:204,26,1,4
BRDA:208,27,0,1
BRDA:208,27,1,3
BRDA:212,28,0,0
BRDA:212,28,1,3
BRDA:213,29,0,0
BRDA:213,29,1,0
BRDA:252,30,0,0
BRDA:252,30,1,3
BRDA:274,31,0,0
BRDA:274,31,1,1
BRDA:276,32,0,0
BRDA:276,32,1,1
BRDA:297,33,0,1
BRDA:297,33,1,1
BRDA:297,34,0,2
BRDA:297,34,1,1
BRDA:298,35,0,1
BRDA:298,35,1,0
BRDA:298,36,0,1
BRDA:298,36,1,1
BRDA:337,37,0,2
BRDA:337,37,1,1
BRDA:337,38,0,3
BRDA:337,38,1,1
BRDA:338,39,0,1
BRDA:338,39,1,1
BRDA:338,40,0,2
BRDA:338,40,1,1
BRF:75
BRH:55
end_of_record
TN:
SF:src\core\domain\GameMode.ts
FN:4,(anonymous_0)
FN:10,(anonymous_1)
FN:16,(anonymous_2)
FN:22,(anonymous_3)
FN:28,(anonymous_4)
FN:37,(anonymous_5)
FNF:6
FNH:6
FNDA:42,(anonymous_0)
FNDA:42,(anonymous_1)
FNDA:42,(anonymous_2)
FNDA:5,(anonymous_3)
FNDA:38,(anonymous_4)
FNDA:40,(anonymous_5)
DA:5,42
DA:11,42
DA:17,42
DA:23,5
DA:45,40
DA:46,1
DA:48,39
DA:49,1
DA:52,38
LF:9
LH:9
BRDA:5,0,0,1
BRDA:5,0,1,41
BRDA:11,1,0,1
BRDA:11,1,1,41
BRDA:17,2,0,1
BRDA:17,2,1,41
BRDA:23,3,0,1
BRDA:23,3,1,4
BRDA:45,4,0,1
BRDA:45,4,1,39
BRDA:45,5,0,40
BRDA:45,5,1,39
BRDA:48,6,0,1
BRDA:48,6,1,38
BRDA:48,7,0,39
BRDA:48,7,1,38
BRF:16
BRH:16
end_of_record
TN:
SF:src\core\domain\GameStatus.ts
FNF:0
FNH:0
LF:0
LH:0
BRF:0
BRH:0
end_of_record
TN:
SF:src\core\domain\Team.ts
FN:4,(anonymous_0)
FN:10,(anonymous_1)
FNF:2
FNH:2
FNDA:2,(anonymous_0)
FNDA:6,(anonymous_1)
DA:11,6
DA:12,2
DA:14,4
DA:15,2
DA:18,2
LF:5
LH:5
BRDA:10,0,0,0
BRDA:11,1,0,2
BRDA:11,1,1,4
BRDA:11,2,0,6
BRDA:11,2,1,5
BRDA:14,3,0,2
BRDA:14,3,1,2
BRDA:14,4,0,4
BRDA:14,4,1,3
BRF:9
BRH:8
end_of_record
TN:
SF:src\core\useCases\AdjustTime.ts
FN:8,(anonymous_0)
FN:13,(anonymous_1)
FNF:2
FNH:2
FNDA:3,(anonymous_0)
FNDA:3,(anonymous_1)
DA:14,3
DA:15,3
DA:16,0
DA:19,3
DA:20,3
DA:21,1
DA:25,2
DA:26,1
DA:29,1
DA:30,1
DA:31,1
DA:33,1
DA:35,1
DA:47,1
DA:49,1
LF:15
LH:14
BRDA:15,0,0,0
BRDA:15,0,1,3
BRDA:19,1,0,3
BRDA:19,1,1,0
BRDA:19,2,0,3
BRDA:19,2,1,0
BRDA:20,3,0,1
BRDA:20,3,1,2
BRDA:20,4,0,3
BRDA:20,4,1,1
BRDA:25,5,0,1
BRDA:25,5,1,1
BRF:12
BRH:9
end_of_record
TN:
SF:src\core\useCases\CreateGame.ts
FN:20,(anonymous_0)
FN:27,(anonymous_1)
FNF:2
FNH:2
FNDA:2,(anonymous_0)
FNDA:2,(anonymous_1)
DA:28,2
DA:30,2
DA:31,2
DA:32,1
DA:33,1
DA:35,1
DA:37,1
DA:38,1
DA:39,0
DA:40,0
DA:42,1
DA:44,1
DA:51,1
DA:53,1
DA:54,1
DA:56,1
DA:57,1
DA:59,1
DA:71,1
DA:73,1
LF:20
LH:18
BRDA:31,0,0,1
BRDA:31,0,1,1
BRDA:38,1,0,0
BRDA:38,1,1,1
BRF:4
BRH:3
end_of_record
TN:
SF:src\core\useCases\EndBreak.ts
FN:6,(anonymous_0)
FN:11,(anonymous_1)
FNF:2
FNH:2
FNDA:1,(anonymous_0)
FNDA:1,(anonymous_1)
DA:12,1
DA:13,1
DA:14,0
DA:17,1
DA:18,1
DA:20,1
DA:27,1
LF:7
LH:6
BRDA:13,0,0,0
BRDA:13,0,1,1
BRF:2
BRH:1
end_of_record
TN:
SF:src\core\useCases\FinishGame.ts
FN:8,(anonymous_0)
FN:13,(anonymous_1)
FNF:2
FNH:2
FNDA:2,(anonymous_0)
FNDA:2,(anonymous_1)
DA:14,2
DA:15,2
DA:16,0
DA:19,2
DA:21,2
DA:23,2
DA:24,2
DA:25,1
DA:26,1
DA:27,0
DA:30,2
DA:44,2
DA:46,2
LF:13
LH:11
BRDA:15,0,0,0
BRDA:15,0,1,2
BRDA:24,1,0,1
BRDA:24,1,1,1
BRDA:26,2,0,0
BRDA:26,2,1,1
BRF:6
BRH:4
end_of_record
TN:
SF:src\core\useCases\ReorderMatchupsUseCase.ts
FN:5,(anonymous_0)
FN:7,(anonymous_1)
FN:26,(anonymous_2)
FN:27,(anonymous_3)
FNF:4
FNH:4
FNDA:3,(anonymous_0)
FNDA:3,(anonymous_1)
FNDA:2,(anonymous_2)
FNDA:3,(anonymous_3)
DA:8,3
DA:9,0
DA:11,3
DA:12,0
DA:15,3
DA:16,3
DA:17,1
DA:20,2
DA:21,2
DA:22,1
DA:26,1
DA:27,3
DA:28,2
DA:29,0
DA:32,2
DA:35,1
DA:37,1
LF:17
LH:14
BRDA:8,0,0,0
BRDA:8,0,1,3
BRDA:8,1,0,3
BRDA:8,1,1,3
BRDA:11,2,0,0
BRDA:11,2,1,3
BRDA:11,3,0,3
BRDA:11,3,1,3
BRDA:16,4,0,1
BRDA:16,4,1,2
BRDA:21,5,0,1
BRDA:21,5,1,1
BRDA:28,6,0,0
BRDA:28,6,1,2
BRF:14
BRH:11
end_of_record
TN:
SF:src\core\useCases\ResumeGame.ts
FN:7,(anonymous_0)
FN:12,(anonymous_1)
FNF:2
FNH:2
FNDA:1,(anonymous_0)
FNDA:1,(anonymous_1)
DA:13,1
DA:14,1
DA:15,0
DA:18,1
DA:20,1
DA:22,1
DA:32,1
DA:34,1
LF:8
LH:7
BRDA:14,0,0,0
BRDA:14,0,1,1
BRF:2
BRH:1
end_of_record
TN:
SF:src\core\useCases\ScorePoint.ts
FN:8,(anonymous_0)
FN:13,(anonymous_1)
FNF:2
FNH:2
FNDA:3,(anonymous_0)
FNDA:3,(anonymous_1)
DA:14,3
DA:15,3
DA:16,1
DA:20,2
DA:21,1
DA:22,1
DA:23,0
DA:25,1
DA:28,1
DA:30,1
DA:32,1
DA:46,1
DA:48,1
LF:13
LH:12
BRDA:15,0,0,1
BRDA:15,0,1,2
BRDA:20,1,0,1
BRDA:20,1,1,1
BRDA:22,2,0,0
BRDA:22,2,1,1
BRF:6
BRH:5
end_of_record
TN:
SF:src\core\useCases\StartBreak.ts
FN:6,(anonymous_0)
FN:11,(anonymous_1)
FNF:2
FNH:2
FNDA:1,(anonymous_0)
FNDA:1,(anonymous_1)
DA:12,1
DA:13,1
DA:14,0
DA:17,1
DA:18,1
DA:20,1
DA:27,1
LF:7
LH:6
BRDA:13,0,0,0
BRDA:13,0,1,1
BRF:2
BRH:1
end_of_record
TN:
SF:src\core\useCases\StartGame.ts
FN:7,(anonymous_0)
FN:12,(anonymous_1)
FNF:2
FNH:2
FNDA:1,(anonymous_0)
FNDA:1,(anonymous_1)
DA:13,1
DA:14,1
DA:15,0
DA:18,1
DA:20,1
DA:22,1
DA:32,1
DA:34,1
LF:8
LH:7
BRDA:14,0,0,0
BRDA:14,0,1,1
BRF:2
BRH:1
end_of_record
TN:
SF:src\core\useCases\StartOvertime.ts
FN:7,(anonymous_0)
FN:12,(anonymous_1)
FNF:2
FNH:2
FNDA:1,(anonymous_0)
FNDA:1,(anonymous_1)
DA:13,1
DA:14,1
DA:15,0
DA:18,1
DA:20,1
DA:22,1
DA:32,1
DA:34,1
LF:8
LH:7
BRDA:14,0,0,0
BRDA:14,0,1,1
BRDA:28,1,0,1
BRDA:28,1,1,0
BRF:4
BRH:2
end_of_record
TN:
SF:src\core\useCases\StopGameTime.ts
FN:7,(anonymous_0)
FN:12,(anonymous_1)
FNF:2
FNH:2
FNDA:1,(anonymous_0)
FNDA:1,(anonymous_1)
DA:13,1
DA:14,1
DA:15,0
DA:18,1
DA:20,1
DA:22,1
DA:32,1
DA:34,1
LF:8
LH:7
BRDA:14,0,0,0
BRDA:14,0,1,1
BRF:2
BRH:1
end_of_record
TN:
SF:src\core\useCases\SwapSides.ts
FN:7,(anonymous_0)
FN:12,(anonymous_1)
FNF:2
FNH:2
FNDA:1,(anonymous_0)
FNDA:2,(anonymous_1)
DA:13,2
DA:14,2
DA:15,0
DA:18,2
DA:20,2
DA:22,2
DA:32,2
DA:34,2
LF:8
LH:7
BRDA:14,0,0,0
BRDA:14,0,1,2
BRF:2
BRH:1
end_of_record
TN:
SF:src\presentation\state\GameStateMachine.ts
FN:24,(anonymous_0)
FN:32,(anonymous_1)
FN:47,(anonymous_2)
FN:59,(anonymous_3)
FN:71,(anonymous_4)
FN:88,(anonymous_5)
FN:100,(anonymous_6)
FN:112,(anonymous_7)
FNF:8
FNH:8
FNDA:7,(anonymous_0)
FNDA:1,(anonymous_1)
FNDA:1,(anonymous_2)
FNDA:1,(anonymous_3)
FNDA:2,(anonymous_4)
FNDA:1,(anonymous_5)
FNDA:1,(anonymous_6)
FNDA:8,(anonymous_7)
DA:25,7
DA:33,1
DA:48,1
DA:60,1
DA:72,2
DA:77,2
DA:89,1
DA:101,1
DA:113,8
DA:115,7
DA:116,1
DA:119,6
DA:120,1
DA:123,5
DA:124,1
DA:127,4
DA:128,2
DA:131,2
DA:132,1
DA:135,1
DA:136,1
DA:139,0
LF:22
LH:21
BRDA:81,0,0,1
BRDA:81,0,1,1
BRDA:113,1,0,1
BRDA:113,1,1,7
BRDA:115,2,0,1
BRDA:115,2,1,6
BRDA:119,3,0,1
BRDA:119,3,1,5
BRDA:123,4,0,1
BRDA:123,4,1,4
BRDA:127,5,0,2
BRDA:127,5,1,2
BRDA:127,6,0,4
BRDA:127,6,1,2
BRDA:131,7,0,1
BRDA:131,7,1,1
BRDA:135,8,0,1
BRDA:135,8,1,0
BRF:18
BRH:17
end_of_record
